
  .   ____          _            __ _ _
 /\\ / ___'_ __ _ _(_)_ __  __ _ \ \ \ \
( ( )\___ | '_ | '_| | '_ \/ _` | \ \ \ \
 \\/  ___)| |_)| | | | | || (_| |  ) ) ) )
  '  |____| .__|_| |_|_| |_\__, | / / / /
 =========|_|==============|___/=/_/_/_/

 :: Spring Boot ::                (v3.5.3)

2025-10-31 11:37:17 [main] INFO  com.mi.project.ProjectApplication - Starting ProjectApplication v0.0.1-SNAPSHOT using Java 21.0.8 with PID 5244 (C:\Users\31591\Desktop\project\target\project-0.0.1-SNAPSHOT.jar started by 31591 in C:\Users\31591\Desktop\project)
2025-10-31 11:37:17 [main] DEBUG com.mi.project.ProjectApplication - Running with Spring Boot v3.5.3, Spring v6.2.9
2025-10-31 11:37:17 [main] INFO  com.mi.project.ProjectApplication - The following 2 profiles are active: "datasource", "redis"
2025-10-31 11:37:22 [main] INFO  o.s.d.r.c.RepositoryConfigurationDelegate - Multiple Spring Data modules found, entering strict repository configuration mode
2025-10-31 11:37:22 [main] INFO  o.s.d.r.c.RepositoryConfigurationDelegate - Bootstrapping Spring Data JPA repositories in DEFAULT mode.
2025-10-31 11:37:22 [main] INFO  o.s.d.r.c.RepositoryConfigurationDelegate - Finished Spring Data repository scanning in 631 ms. Found 3 JPA repository interfaces.
2025-10-31 11:37:22 [main] INFO  o.s.d.r.c.RepositoryConfigurationDelegate - Multiple Spring Data modules found, entering strict repository configuration mode
2025-10-31 11:37:22 [main] INFO  o.s.d.r.c.RepositoryConfigurationDelegate - Bootstrapping Spring Data Redis repositories in DEFAULT mode.
2025-10-31 11:37:23 [main] INFO  o.s.d.r.c.RepositoryConfigurationExtensionSupport - Spring Data Redis - Could not safely identify store assignment for repository candidate interface com.mi.project.repository.FileRepository; If you want this repository to be a Redis repository, consider annotating your entities with one of these annotations: org.springframework.data.redis.core.RedisHash (preferred), or consider extending one of the following types with your repository: org.springframework.data.keyvalue.repository.KeyValueRepository
2025-10-31 11:37:23 [main] INFO  o.s.d.r.c.RepositoryConfigurationExtensionSupport - Spring Data Redis - Could not safely identify store assignment for repository candidate interface com.mi.project.repository.PointDataRepository; If you want this repository to be a Redis repository, consider annotating your entities with one of these annotations: org.springframework.data.redis.core.RedisHash (preferred), or consider extending one of the following types with your repository: org.springframework.data.keyvalue.repository.KeyValueRepository
2025-10-31 11:37:23 [main] INFO  o.s.d.r.c.RepositoryConfigurationExtensionSupport - Spring Data Redis - Could not safely identify store assignment for repository candidate interface com.mi.project.repository.UserRepository; If you want this repository to be a Redis repository, consider annotating your entities with one of these annotations: org.springframework.data.redis.core.RedisHash (preferred), or consider extending one of the following types with your repository: org.springframework.data.keyvalue.repository.KeyValueRepository
2025-10-31 11:37:23 [main] INFO  o.s.d.r.c.RepositoryConfigurationDelegate - Finished Spring Data repository scanning in 15 ms. Found 0 Redis repository interfaces.
2025-10-31 11:37:26 [main] INFO  o.s.b.w.e.tomcat.TomcatWebServer - Tomcat initialized with port 8081 (http)
2025-10-31 11:37:27 [main] INFO  o.a.catalina.core.StandardService - Starting service [Tomcat]
2025-10-31 11:37:27 [main] INFO  o.a.catalina.core.StandardEngine - Starting Servlet engine: [Apache Tomcat/10.1.42]
2025-10-31 11:37:27 [main] INFO  o.a.c.c.C.[Tomcat].[localhost].[/] - Initializing Spring embedded WebApplicationContext
2025-10-31 11:37:27 [main] INFO  o.s.b.w.s.c.ServletWebServerApplicationContext - Root WebApplicationContext: initialization completed in 9382 ms
2025-10-31 11:37:28 [main] DEBUG com.zaxxer.hikari.HikariConfig - Class com.mysql.cj.jdbc.Driver found in Thread context class loader org.springframework.boot.loader.launch.LaunchedClassLoader@1a6c5a9e
2025-10-31 11:37:28 [main] DEBUG com.zaxxer.hikari.HikariConfig - master - configuration:
2025-10-31 11:37:28 [main] DEBUG com.zaxxer.hikari.HikariConfig - allowPoolSuspension.............false
2025-10-31 11:37:28 [main] DEBUG com.zaxxer.hikari.HikariConfig - autoCommit......................true
2025-10-31 11:37:28 [main] DEBUG com.zaxxer.hikari.HikariConfig - catalog.........................none
2025-10-31 11:37:28 [main] DEBUG com.zaxxer.hikari.HikariConfig - connectionInitSql...............none
2025-10-31 11:37:28 [main] DEBUG com.zaxxer.hikari.HikariConfig - connectionTestQuery.............none
2025-10-31 11:37:28 [main] DEBUG com.zaxxer.hikari.HikariConfig - connectionTimeout...............30000
2025-10-31 11:37:28 [main] DEBUG com.zaxxer.hikari.HikariConfig - credentials.....................com.zaxxer.hikari.util.Credentials@516b84d1
2025-10-31 11:37:28 [main] DEBUG com.zaxxer.hikari.HikariConfig - dataSource......................none
2025-10-31 11:37:28 [main] DEBUG com.zaxxer.hikari.HikariConfig - dataSourceClassName.............none
2025-10-31 11:37:28 [main] DEBUG com.zaxxer.hikari.HikariConfig - dataSourceJNDI..................none
2025-10-31 11:37:28 [main] DEBUG com.zaxxer.hikari.HikariConfig - dataSourceProperties............{password=<masked>}
2025-10-31 11:37:28 [main] DEBUG com.zaxxer.hikari.HikariConfig - driverClassName................."com.mysql.cj.jdbc.Driver"
2025-10-31 11:37:28 [main] DEBUG com.zaxxer.hikari.HikariConfig - exceptionOverride...............none
2025-10-31 11:37:28 [main] DEBUG com.zaxxer.hikari.HikariConfig - exceptionOverrideClassName......none
2025-10-31 11:37:28 [main] DEBUG com.zaxxer.hikari.HikariConfig - healthCheckProperties...........{}
2025-10-31 11:37:28 [main] DEBUG com.zaxxer.hikari.HikariConfig - healthCheckRegistry.............none
2025-10-31 11:37:28 [main] DEBUG com.zaxxer.hikari.HikariConfig - idleTimeout.....................600000
2025-10-31 11:37:28 [main] DEBUG com.zaxxer.hikari.HikariConfig - initializationFailTimeout.......1
2025-10-31 11:37:28 [main] DEBUG com.zaxxer.hikari.HikariConfig - isolateInternalQueries..........false
2025-10-31 11:37:28 [main] DEBUG com.zaxxer.hikari.HikariConfig - jdbcUrl.........................jdbc:mysql://localhost:3306/project?useUnicode=true&characterEncoding=utf8&useSSL=false&serverTimezone=Asia/Shanghai&allowPublicKeyRetrieval=true
2025-10-31 11:37:28 [main] DEBUG com.zaxxer.hikari.HikariConfig - keepaliveTime...................120000
2025-10-31 11:37:28 [main] DEBUG com.zaxxer.hikari.HikariConfig - leakDetectionThreshold..........0
2025-10-31 11:37:28 [main] DEBUG com.zaxxer.hikari.HikariConfig - maxLifetime.....................1800000
2025-10-31 11:37:28 [main] DEBUG com.zaxxer.hikari.HikariConfig - maximumPoolSize.................20
2025-10-31 11:37:28 [main] DEBUG com.zaxxer.hikari.HikariConfig - metricRegistry..................none
2025-10-31 11:37:28 [main] DEBUG com.zaxxer.hikari.HikariConfig - metricsTrackerFactory...........none
2025-10-31 11:37:28 [main] DEBUG com.zaxxer.hikari.HikariConfig - minimumIdle.....................5
2025-10-31 11:37:28 [main] DEBUG com.zaxxer.hikari.HikariConfig - password........................<masked>
2025-10-31 11:37:28 [main] DEBUG com.zaxxer.hikari.HikariConfig - poolName........................"master"
2025-10-31 11:37:28 [main] DEBUG com.zaxxer.hikari.HikariConfig - readOnly........................false
2025-10-31 11:37:28 [main] DEBUG com.zaxxer.hikari.HikariConfig - registerMbeans..................false
2025-10-31 11:37:28 [main] DEBUG com.zaxxer.hikari.HikariConfig - scheduledExecutor...............none
2025-10-31 11:37:28 [main] DEBUG com.zaxxer.hikari.HikariConfig - schema..........................none
2025-10-31 11:37:28 [main] DEBUG com.zaxxer.hikari.HikariConfig - threadFactory...................internal
2025-10-31 11:37:28 [main] DEBUG com.zaxxer.hikari.HikariConfig - transactionIsolation............default
2025-10-31 11:37:28 [main] DEBUG com.zaxxer.hikari.HikariConfig - username........................"root"
2025-10-31 11:37:28 [main] DEBUG com.zaxxer.hikari.HikariConfig - validationTimeout...............5000
2025-10-31 11:37:28 [main] DEBUG com.zaxxer.hikari.HikariConfig - Class com.mysql.cj.jdbc.Driver found in Thread context class loader org.springframework.boot.loader.launch.LaunchedClassLoader@1a6c5a9e
2025-10-31 11:37:28 [main] DEBUG com.zaxxer.hikari.HikariConfig - slave1 - configuration:
2025-10-31 11:37:28 [main] DEBUG com.zaxxer.hikari.HikariConfig - allowPoolSuspension.............false
2025-10-31 11:37:28 [main] DEBUG com.zaxxer.hikari.HikariConfig - autoCommit......................true
2025-10-31 11:37:28 [main] DEBUG com.zaxxer.hikari.HikariConfig - catalog.........................none
2025-10-31 11:37:28 [main] DEBUG com.zaxxer.hikari.HikariConfig - connectionInitSql...............none
2025-10-31 11:37:28 [main] DEBUG com.zaxxer.hikari.HikariConfig - connectionTestQuery.............none
2025-10-31 11:37:28 [main] DEBUG com.zaxxer.hikari.HikariConfig - connectionTimeout...............30000
2025-10-31 11:37:28 [main] DEBUG com.zaxxer.hikari.HikariConfig - credentials.....................com.zaxxer.hikari.util.Credentials@3a0e7f89
2025-10-31 11:37:28 [main] DEBUG com.zaxxer.hikari.HikariConfig - dataSource......................none
2025-10-31 11:37:28 [main] DEBUG com.zaxxer.hikari.HikariConfig - dataSourceClassName.............none
2025-10-31 11:37:28 [main] DEBUG com.zaxxer.hikari.HikariConfig - dataSourceJNDI..................none
2025-10-31 11:37:28 [main] DEBUG com.zaxxer.hikari.HikariConfig - dataSourceProperties............{password=<masked>}
2025-10-31 11:37:28 [main] DEBUG com.zaxxer.hikari.HikariConfig - driverClassName................."com.mysql.cj.jdbc.Driver"
2025-10-31 11:37:28 [main] DEBUG com.zaxxer.hikari.HikariConfig - exceptionOverride...............none
2025-10-31 11:37:28 [main] DEBUG com.zaxxer.hikari.HikariConfig - exceptionOverrideClassName......none
2025-10-31 11:37:28 [main] DEBUG com.zaxxer.hikari.HikariConfig - healthCheckProperties...........{}
2025-10-31 11:37:28 [main] DEBUG com.zaxxer.hikari.HikariConfig - healthCheckRegistry.............none
2025-10-31 11:37:28 [main] DEBUG com.zaxxer.hikari.HikariConfig - idleTimeout.....................600000
2025-10-31 11:37:28 [main] DEBUG com.zaxxer.hikari.HikariConfig - initializationFailTimeout.......1
2025-10-31 11:37:28 [main] DEBUG com.zaxxer.hikari.HikariConfig - isolateInternalQueries..........false
2025-10-31 11:37:28 [main] DEBUG com.zaxxer.hikari.HikariConfig - jdbcUrl.........................jdbc:mysql://192.168.108.153:3306/project?useUnicode=true&characterEncoding=utf8&useSSL=false&serverTimezone=Asia/Shanghai&allowPublicKeyRetrieval=true
2025-10-31 11:37:28 [main] DEBUG com.zaxxer.hikari.HikariConfig - keepaliveTime...................120000
2025-10-31 11:37:28 [main] DEBUG com.zaxxer.hikari.HikariConfig - leakDetectionThreshold..........0
2025-10-31 11:37:28 [main] DEBUG com.zaxxer.hikari.HikariConfig - maxLifetime.....................1800000
2025-10-31 11:37:28 [main] DEBUG com.zaxxer.hikari.HikariConfig - maximumPoolSize.................15
2025-10-31 11:37:28 [main] DEBUG com.zaxxer.hikari.HikariConfig - metricRegistry..................none
2025-10-31 11:37:28 [main] DEBUG com.zaxxer.hikari.HikariConfig - metricsTrackerFactory...........none
2025-10-31 11:37:28 [main] DEBUG com.zaxxer.hikari.HikariConfig - minimumIdle.....................3
2025-10-31 11:37:28 [main] DEBUG com.zaxxer.hikari.HikariConfig - password........................<masked>
2025-10-31 11:37:28 [main] DEBUG com.zaxxer.hikari.HikariConfig - poolName........................"slave1"
2025-10-31 11:37:28 [main] DEBUG com.zaxxer.hikari.HikariConfig - readOnly........................false
2025-10-31 11:37:28 [main] DEBUG com.zaxxer.hikari.HikariConfig - registerMbeans..................false
2025-10-31 11:37:28 [main] DEBUG com.zaxxer.hikari.HikariConfig - scheduledExecutor...............none
2025-10-31 11:37:28 [main] DEBUG com.zaxxer.hikari.HikariConfig - schema..........................none
2025-10-31 11:37:28 [main] DEBUG com.zaxxer.hikari.HikariConfig - threadFactory...................internal
2025-10-31 11:37:28 [main] DEBUG com.zaxxer.hikari.HikariConfig - transactionIsolation............default
2025-10-31 11:37:28 [main] DEBUG com.zaxxer.hikari.HikariConfig - username........................"root"
2025-10-31 11:37:28 [main] DEBUG com.zaxxer.hikari.HikariConfig - validationTimeout...............5000
2025-10-31 11:37:28 [main] DEBUG com.zaxxer.hikari.HikariConfig - Class com.mysql.cj.jdbc.Driver found in Thread context class loader org.springframework.boot.loader.launch.LaunchedClassLoader@1a6c5a9e
2025-10-31 11:37:28 [main] DEBUG com.zaxxer.hikari.HikariConfig - slave2 - configuration:
2025-10-31 11:37:28 [main] DEBUG com.zaxxer.hikari.HikariConfig - allowPoolSuspension.............false
2025-10-31 11:37:28 [main] DEBUG com.zaxxer.hikari.HikariConfig - autoCommit......................true
2025-10-31 11:37:28 [main] DEBUG com.zaxxer.hikari.HikariConfig - catalog.........................none
2025-10-31 11:37:28 [main] DEBUG com.zaxxer.hikari.HikariConfig - connectionInitSql...............none
2025-10-31 11:37:28 [main] DEBUG com.zaxxer.hikari.HikariConfig - connectionTestQuery.............none
2025-10-31 11:37:28 [main] DEBUG com.zaxxer.hikari.HikariConfig - connectionTimeout...............30000
2025-10-31 11:37:28 [main] DEBUG com.zaxxer.hikari.HikariConfig - credentials.....................com.zaxxer.hikari.util.Credentials@665ed71a
2025-10-31 11:37:28 [main] DEBUG com.zaxxer.hikari.HikariConfig - dataSource......................none
2025-10-31 11:37:28 [main] DEBUG com.zaxxer.hikari.HikariConfig - dataSourceClassName.............none
2025-10-31 11:37:28 [main] DEBUG com.zaxxer.hikari.HikariConfig - dataSourceJNDI..................none
2025-10-31 11:37:28 [main] DEBUG com.zaxxer.hikari.HikariConfig - dataSourceProperties............{password=<masked>}
2025-10-31 11:37:28 [main] DEBUG com.zaxxer.hikari.HikariConfig - driverClassName................."com.mysql.cj.jdbc.Driver"
2025-10-31 11:37:28 [main] DEBUG com.zaxxer.hikari.HikariConfig - exceptionOverride...............none
2025-10-31 11:37:28 [main] DEBUG com.zaxxer.hikari.HikariConfig - exceptionOverrideClassName......none
2025-10-31 11:37:28 [main] DEBUG com.zaxxer.hikari.HikariConfig - healthCheckProperties...........{}
2025-10-31 11:37:28 [main] DEBUG com.zaxxer.hikari.HikariConfig - healthCheckRegistry.............none
2025-10-31 11:37:28 [main] DEBUG com.zaxxer.hikari.HikariConfig - idleTimeout.....................600000
2025-10-31 11:37:28 [main] DEBUG com.zaxxer.hikari.HikariConfig - initializationFailTimeout.......1
2025-10-31 11:37:28 [main] DEBUG com.zaxxer.hikari.HikariConfig - isolateInternalQueries..........false
2025-10-31 11:37:28 [main] DEBUG com.zaxxer.hikari.HikariConfig - jdbcUrl.........................jdbc:mysql://192.168.108.154:3306/project?useUnicode=true&characterEncoding=utf8&useSSL=false&serverTimezone=Asia/Shanghai&allowPublicKeyRetrieval=true
2025-10-31 11:37:28 [main] DEBUG com.zaxxer.hikari.HikariConfig - keepaliveTime...................120000
2025-10-31 11:37:28 [main] DEBUG com.zaxxer.hikari.HikariConfig - leakDetectionThreshold..........0
2025-10-31 11:37:28 [main] DEBUG com.zaxxer.hikari.HikariConfig - maxLifetime.....................1800000
2025-10-31 11:37:28 [main] DEBUG com.zaxxer.hikari.HikariConfig - maximumPoolSize.................15
2025-10-31 11:37:28 [main] DEBUG com.zaxxer.hikari.HikariConfig - metricRegistry..................none
2025-10-31 11:37:28 [main] DEBUG com.zaxxer.hikari.HikariConfig - metricsTrackerFactory...........none
2025-10-31 11:37:28 [main] DEBUG com.zaxxer.hikari.HikariConfig - minimumIdle.....................3
2025-10-31 11:37:28 [main] DEBUG com.zaxxer.hikari.HikariConfig - password........................<masked>
2025-10-31 11:37:28 [main] DEBUG com.zaxxer.hikari.HikariConfig - poolName........................"slave2"
2025-10-31 11:37:28 [main] DEBUG com.zaxxer.hikari.HikariConfig - readOnly........................false
2025-10-31 11:37:28 [main] DEBUG com.zaxxer.hikari.HikariConfig - registerMbeans..................false
2025-10-31 11:37:28 [main] DEBUG com.zaxxer.hikari.HikariConfig - scheduledExecutor...............none
2025-10-31 11:37:28 [main] DEBUG com.zaxxer.hikari.HikariConfig - schema..........................none
2025-10-31 11:37:28 [main] DEBUG com.zaxxer.hikari.HikariConfig - threadFactory...................internal
2025-10-31 11:37:28 [main] DEBUG com.zaxxer.hikari.HikariConfig - transactionIsolation............default
2025-10-31 11:37:28 [main] DEBUG com.zaxxer.hikari.HikariConfig - username........................"root"
2025-10-31 11:37:28 [main] DEBUG com.zaxxer.hikari.HikariConfig - validationTimeout...............5000
2025-10-31 11:37:28 [main] INFO  c.b.d.d.DynamicRoutingDataSource - dynamic-datasource - add a datasource named [slave2] success
2025-10-31 11:37:28 [main] INFO  c.b.d.d.DynamicRoutingDataSource - dynamic-datasource - add a datasource named [slave1] success
2025-10-31 11:37:28 [main] INFO  c.b.d.d.DynamicRoutingDataSource - dynamic-datasource - add a datasource named [master] success
2025-10-31 11:37:28 [main] INFO  c.b.d.d.DynamicRoutingDataSource - dynamic-datasource initial loaded [3] datasource,primary datasource named [master]
2025-10-31 11:37:30 [main] INFO  o.s.o.j.p.SpringPersistenceUnitInfo - No LoadTimeWeaver setup: ignoring JPA class transformer
2025-10-31 11:37:30 [main] DEBUG com.zaxxer.hikari.HikariConfig - master - configuration:
2025-10-31 11:37:30 [main] DEBUG com.zaxxer.hikari.HikariConfig - allowPoolSuspension.............false
2025-10-31 11:37:30 [main] DEBUG com.zaxxer.hikari.HikariConfig - autoCommit......................true
2025-10-31 11:37:30 [main] DEBUG com.zaxxer.hikari.HikariConfig - catalog.........................none
2025-10-31 11:37:30 [main] DEBUG com.zaxxer.hikari.HikariConfig - connectionInitSql...............none
2025-10-31 11:37:30 [main] DEBUG com.zaxxer.hikari.HikariConfig - connectionTestQuery.............none
2025-10-31 11:37:30 [main] DEBUG com.zaxxer.hikari.HikariConfig - connectionTimeout...............30000
2025-10-31 11:37:30 [main] DEBUG com.zaxxer.hikari.HikariConfig - credentials.....................com.zaxxer.hikari.util.Credentials@516b84d1
2025-10-31 11:37:30 [main] DEBUG com.zaxxer.hikari.HikariConfig - dataSource......................none
2025-10-31 11:37:30 [main] DEBUG com.zaxxer.hikari.HikariConfig - dataSourceClassName.............none
2025-10-31 11:37:30 [main] DEBUG com.zaxxer.hikari.HikariConfig - dataSourceJNDI..................none
2025-10-31 11:37:30 [main] DEBUG com.zaxxer.hikari.HikariConfig - dataSourceProperties............{password=<masked>}
2025-10-31 11:37:30 [main] DEBUG com.zaxxer.hikari.HikariConfig - driverClassName................."com.mysql.cj.jdbc.Driver"
2025-10-31 11:37:30 [main] DEBUG com.zaxxer.hikari.HikariConfig - exceptionOverride...............none
2025-10-31 11:37:30 [main] DEBUG com.zaxxer.hikari.HikariConfig - exceptionOverrideClassName......none
2025-10-31 11:37:30 [main] DEBUG com.zaxxer.hikari.HikariConfig - healthCheckProperties...........{}
2025-10-31 11:37:30 [main] DEBUG com.zaxxer.hikari.HikariConfig - healthCheckRegistry.............none
2025-10-31 11:37:30 [main] DEBUG com.zaxxer.hikari.HikariConfig - idleTimeout.....................600000
2025-10-31 11:37:30 [main] DEBUG com.zaxxer.hikari.HikariConfig - initializationFailTimeout.......1
2025-10-31 11:37:30 [main] DEBUG com.zaxxer.hikari.HikariConfig - isolateInternalQueries..........false
2025-10-31 11:37:30 [main] DEBUG com.zaxxer.hikari.HikariConfig - jdbcUrl.........................jdbc:mysql://localhost:3306/project?useUnicode=true&characterEncoding=utf8&useSSL=false&serverTimezone=Asia/Shanghai&allowPublicKeyRetrieval=true
2025-10-31 11:37:30 [main] DEBUG com.zaxxer.hikari.HikariConfig - keepaliveTime...................120000
2025-10-31 11:37:30 [main] DEBUG com.zaxxer.hikari.HikariConfig - leakDetectionThreshold..........0
2025-10-31 11:37:30 [main] DEBUG com.zaxxer.hikari.HikariConfig - maxLifetime.....................1800000
2025-10-31 11:37:30 [main] DEBUG com.zaxxer.hikari.HikariConfig - maximumPoolSize.................20
2025-10-31 11:37:30 [main] DEBUG com.zaxxer.hikari.HikariConfig - metricRegistry..................none
2025-10-31 11:37:30 [main] DEBUG com.zaxxer.hikari.HikariConfig - metricsTrackerFactory...........none
2025-10-31 11:37:30 [main] DEBUG com.zaxxer.hikari.HikariConfig - minimumIdle.....................5
2025-10-31 11:37:30 [main] DEBUG com.zaxxer.hikari.HikariConfig - password........................<masked>
2025-10-31 11:37:30 [main] DEBUG com.zaxxer.hikari.HikariConfig - poolName........................"master"
2025-10-31 11:37:30 [main] DEBUG com.zaxxer.hikari.HikariConfig - readOnly........................false
2025-10-31 11:37:30 [main] DEBUG com.zaxxer.hikari.HikariConfig - registerMbeans..................false
2025-10-31 11:37:30 [main] DEBUG com.zaxxer.hikari.HikariConfig - scheduledExecutor...............none
2025-10-31 11:37:30 [main] DEBUG com.zaxxer.hikari.HikariConfig - schema..........................none
2025-10-31 11:37:30 [main] DEBUG com.zaxxer.hikari.HikariConfig - threadFactory...................internal
2025-10-31 11:37:30 [main] DEBUG com.zaxxer.hikari.HikariConfig - transactionIsolation............default
2025-10-31 11:37:30 [main] DEBUG com.zaxxer.hikari.HikariConfig - username........................"root"
2025-10-31 11:37:30 [main] DEBUG com.zaxxer.hikari.HikariConfig - validationTimeout...............5000
2025-10-31 11:37:30 [main] INFO  com.zaxxer.hikari.HikariDataSource - master - Starting...
2025-10-31 11:37:30 [main] DEBUG com.zaxxer.hikari.pool.PoolBase - master - Attempting to create/setup new connection (db121b68-037d-4fa4-a60b-257b32cafeb4)
2025-10-31 11:37:30 [main] DEBUG com.zaxxer.hikari.pool.PoolBase - master - Established new connection (db121b68-037d-4fa4-a60b-257b32cafeb4)
2025-10-31 11:37:30 [main] INFO  com.zaxxer.hikari.pool.HikariPool - master - Added connection com.mysql.cj.jdbc.ConnectionImpl@7d65c0ac
2025-10-31 11:37:30 [main] INFO  com.zaxxer.hikari.HikariDataSource - master - Start completed.
2025-10-31 11:37:30 [main] WARN  org.hibernate.orm.deprecation - HHH90000025: MySQL8Dialect does not need to be specified explicitly using 'hibernate.dialect' (remove the property setting and it will be selected by default)
2025-10-31 11:37:30 [main] WARN  org.hibernate.orm.deprecation - HHH90000026: MySQL8Dialect has been deprecated; use org.hibernate.dialect.MySQLDialect instead
2025-10-31 11:37:30 [master:housekeeper] DEBUG com.zaxxer.hikari.pool.HikariPool - master - Before cleanup stats (total=1/20, idle=0/5, active=1, waiting=0)
2025-10-31 11:37:30 [master:housekeeper] DEBUG com.zaxxer.hikari.pool.HikariPool - master - After  cleanup stats (total=1/20, idle=0/5, active=1, waiting=0)
2025-10-31 11:37:30 [master:connection-adder] DEBUG com.zaxxer.hikari.pool.PoolBase - master - Attempting to create/setup new connection (16db0b80-302c-43a2-8972-5793cc5caaeb)
2025-10-31 11:37:30 [master:connection-adder] DEBUG com.zaxxer.hikari.pool.PoolBase - master - Established new connection (16db0b80-302c-43a2-8972-5793cc5caaeb)
2025-10-31 11:37:30 [master:connection-adder] DEBUG com.zaxxer.hikari.pool.HikariPool - master - Added connection com.mysql.cj.jdbc.ConnectionImpl@44c3c6a
2025-10-31 11:37:30 [master:connection-adder] DEBUG com.zaxxer.hikari.pool.HikariPool - master - After adding stats (total=2/20, idle=2/5, active=0, waiting=0)
2025-10-31 11:37:30 [master:connection-adder] DEBUG com.zaxxer.hikari.pool.PoolBase - master - Attempting to create/setup new connection (b55019f2-16fd-461c-aa70-2a114baaff57)
2025-10-31 11:37:30 [master:connection-adder] DEBUG com.zaxxer.hikari.pool.PoolBase - master - Established new connection (b55019f2-16fd-461c-aa70-2a114baaff57)
2025-10-31 11:37:30 [master:connection-adder] DEBUG com.zaxxer.hikari.pool.HikariPool - master - Added connection com.mysql.cj.jdbc.ConnectionImpl@45713651
2025-10-31 11:37:30 [master:connection-adder] DEBUG com.zaxxer.hikari.pool.HikariPool - master - After adding stats (total=3/20, idle=3/5, active=0, waiting=0)
2025-10-31 11:37:30 [master:connection-adder] DEBUG com.zaxxer.hikari.pool.PoolBase - master - Attempting to create/setup new connection (62ff0c65-17be-4515-832b-4aa51fe55aba)
2025-10-31 11:37:30 [master:connection-adder] DEBUG com.zaxxer.hikari.pool.PoolBase - master - Established new connection (62ff0c65-17be-4515-832b-4aa51fe55aba)
2025-10-31 11:37:30 [master:connection-adder] DEBUG com.zaxxer.hikari.pool.HikariPool - master - Added connection com.mysql.cj.jdbc.ConnectionImpl@74fef51f
2025-10-31 11:37:30 [master:connection-adder] DEBUG com.zaxxer.hikari.pool.HikariPool - master - After adding stats (total=4/20, idle=4/5, active=0, waiting=0)
2025-10-31 11:37:30 [master:connection-adder] DEBUG com.zaxxer.hikari.pool.PoolBase - master - Attempting to create/setup new connection (cc2c4f2d-22fd-442f-bab6-e971ee0e9b1c)
2025-10-31 11:37:30 [master:connection-adder] DEBUG com.zaxxer.hikari.pool.PoolBase - master - Established new connection (cc2c4f2d-22fd-442f-bab6-e971ee0e9b1c)
2025-10-31 11:37:30 [master:connection-adder] DEBUG com.zaxxer.hikari.pool.HikariPool - master - Added connection com.mysql.cj.jdbc.ConnectionImpl@255ec91e
2025-10-31 11:37:30 [master:connection-adder] DEBUG com.zaxxer.hikari.pool.HikariPool - master - After adding stats (total=5/20, idle=5/5, active=0, waiting=0)
2025-10-31 11:37:30 [master:connection-adder] DEBUG com.zaxxer.hikari.pool.HikariPool - master - Connection not added, stats (total=5/20, idle=5/5, active=0, waiting=0)
2025-10-31 11:37:33 [main] INFO  o.s.o.j.LocalContainerEntityManagerFactoryBean - Initialized JPA EntityManagerFactory for persistence unit 'default'
 _ _   |_  _ _|_. ___ _ |    _ 
| | |\/|_)(_| | |_\  |_)||_|_\ 
     /               |         
                        3.5.12 
2025-10-31 11:37:42 [main] INFO  c.m.p.rmi.server.RmiBootStarter - 连接到现有RMI注册中心，端口: 1099
2025-10-31 11:37:42 [main] WARN  o.s.b.w.s.c.AnnotationConfigServletWebServerApplicationContext - Exception encountered during context initialization - cancelling refresh attempt: org.springframework.beans.factory.BeanCreationException: Error creating bean with name 'rmiBootStarter': Invocation of init method failed
2025-10-31 11:37:42 [main] INFO  o.s.o.j.LocalContainerEntityManagerFactoryBean - Closing JPA EntityManagerFactory for persistence unit 'default'
2025-10-31 11:37:42 [main] INFO  c.b.d.d.DynamicRoutingDataSource - dynamic-datasource start closing ....
2025-10-31 11:37:42 [main] INFO  c.b.d.d.d.DefaultDataSourceDestroyer - dynamic-datasource close the datasource named [slave2] success,
2025-10-31 11:37:42 [main] INFO  c.b.d.d.d.DefaultDataSourceDestroyer - dynamic-datasource close the datasource named [slave1] success,
2025-10-31 11:37:42 [main] INFO  com.zaxxer.hikari.HikariDataSource - master - Shutdown initiated...
2025-10-31 11:37:42 [main] DEBUG com.zaxxer.hikari.pool.HikariPool - master - Before shutdown stats (total=5/20, idle=5/5, active=0, waiting=0)
2025-10-31 11:37:42 [master:connection-closer] DEBUG com.zaxxer.hikari.pool.PoolBase - master - Closing connection com.mysql.cj.jdbc.ConnectionImpl@7d65c0ac: (connection evicted)
2025-10-31 11:37:42 [master:connection-closer] DEBUG com.zaxxer.hikari.pool.PoolBase - master - Closing connection com.mysql.cj.jdbc.ConnectionImpl@44c3c6a: (connection evicted)
2025-10-31 11:37:42 [master:connection-closer] DEBUG com.zaxxer.hikari.pool.PoolBase - master - Closing connection com.mysql.cj.jdbc.ConnectionImpl@45713651: (connection evicted)
2025-10-31 11:37:42 [master:connection-closer] DEBUG com.zaxxer.hikari.pool.PoolBase - master - Closing connection com.mysql.cj.jdbc.ConnectionImpl@74fef51f: (connection evicted)
2025-10-31 11:37:42 [master:connection-closer] DEBUG com.zaxxer.hikari.pool.PoolBase - master - Closing connection com.mysql.cj.jdbc.ConnectionImpl@255ec91e: (connection evicted)
2025-10-31 11:37:42 [main] DEBUG com.zaxxer.hikari.pool.HikariPool - master - After  shutdown stats (total=0/20, idle=0/5, active=0, waiting=0)
2025-10-31 11:37:42 [main] INFO  com.zaxxer.hikari.HikariDataSource - master - Shutdown completed.
2025-10-31 11:37:42 [main] INFO  c.b.d.d.d.DefaultDataSourceDestroyer - dynamic-datasource close the datasource named [master] success,
2025-10-31 11:37:42 [main] INFO  c.b.d.d.DynamicRoutingDataSource - dynamic-datasource all closed success,bye
2025-10-31 11:37:42 [main] INFO  o.a.catalina.core.StandardService - Stopping service [Tomcat]
2025-10-31 11:37:42 [main] INFO  o.s.b.a.l.ConditionEvaluationReportLogger - 

Error starting ApplicationContext. To display the condition evaluation report re-run your application with 'debug' enabled.
2025-10-31 11:37:42 [main] ERROR o.s.boot.SpringApplication - Application run failed
org.springframework.beans.factory.BeanCreationException: Error creating bean with name 'rmiBootStarter': Invocation of init method failed
	at org.springframework.beans.factory.annotation.InitDestroyAnnotationBeanPostProcessor.postProcessBeforeInitialization(InitDestroyAnnotationBeanPostProcessor.java:222)
	at org.springframework.beans.factory.support.AbstractAutowireCapableBeanFactory.applyBeanPostProcessorsBeforeInitialization(AbstractAutowireCapableBeanFactory.java:429)
	at org.springframework.beans.factory.support.AbstractAutowireCapableBeanFactory.initializeBean(AbstractAutowireCapableBeanFactory.java:1818)
	at org.springframework.beans.factory.support.AbstractAutowireCapableBeanFactory.doCreateBean(AbstractAutowireCapableBeanFactory.java:607)
	at org.springframework.beans.factory.support.AbstractAutowireCapableBeanFactory.createBean(AbstractAutowireCapableBeanFactory.java:529)
	at org.springframework.beans.factory.support.AbstractBeanFactory.lambda$doGetBean$0(AbstractBeanFactory.java:339)
	at org.springframework.beans.factory.support.DefaultSingletonBeanRegistry.getSingleton(DefaultSingletonBeanRegistry.java:373)
	at org.springframework.beans.factory.support.AbstractBeanFactory.doGetBean(AbstractBeanFactory.java:337)
	at org.springframework.beans.factory.support.AbstractBeanFactory.getBean(AbstractBeanFactory.java:202)
	at org.springframework.beans.factory.support.DefaultListableBeanFactory.instantiateSingleton(DefaultListableBeanFactory.java:1222)
	at org.springframework.beans.factory.support.DefaultListableBeanFactory.preInstantiateSingleton(DefaultListableBeanFactory.java:1188)
	at org.springframework.beans.factory.support.DefaultListableBeanFactory.preInstantiateSingletons(DefaultListableBeanFactory.java:1123)
	at org.springframework.context.support.AbstractApplicationContext.finishBeanFactoryInitialization(AbstractApplicationContext.java:987)
	at org.springframework.context.support.AbstractApplicationContext.refresh(AbstractApplicationContext.java:627)
	at org.springframework.boot.web.servlet.context.ServletWebServerApplicationContext.refresh(ServletWebServerApplicationContext.java:146)
	at org.springframework.boot.SpringApplication.refresh(SpringApplication.java:752)
	at org.springframework.boot.SpringApplication.refreshContext(SpringApplication.java:439)
	at org.springframework.boot.SpringApplication.run(SpringApplication.java:318)
	at org.springframework.boot.SpringApplication.run(SpringApplication.java:1361)
	at org.springframework.boot.SpringApplication.run(SpringApplication.java:1350)
	at com.mi.project.ProjectApplication.main(ProjectApplication.java:12)
	at java.base/jdk.internal.reflect.DirectMethodHandleAccessor.invoke(DirectMethodHandleAccessor.java:103)
	at java.base/java.lang.reflect.Method.invoke(Method.java:580)
	at org.springframework.boot.loader.launch.Launcher.launch(Launcher.java:102)
	at org.springframework.boot.loader.launch.Launcher.launch(Launcher.java:64)
	at org.springframework.boot.loader.launch.JarLauncher.main(JarLauncher.java:40)
Caused by: java.rmi.server.ExportException: Port already in use: 20001; nested exception is: 
	java.net.BindException: Address already in use: bind
	at java.rmi/sun.rmi.transport.tcp.TCPTransport.listen(TCPTransport.java:356)
	at java.rmi/sun.rmi.transport.tcp.TCPTransport.exportObject(TCPTransport.java:251)
	at java.rmi/sun.rmi.transport.tcp.TCPEndpoint.exportObject(TCPEndpoint.java:415)
	at java.rmi/sun.rmi.transport.LiveRef.exportObject(LiveRef.java:147)
	at java.rmi/sun.rmi.server.UnicastServerRef.exportObject(UnicastServerRef.java:235)
	at java.rmi/java.rmi.server.UnicastRemoteObject.exportObject(UnicastRemoteObject.java:473)
	at java.rmi/java.rmi.server.UnicastRemoteObject.exportObject(UnicastRemoteObject.java:358)
	at com.mi.project.rmi.server.RmiBootStarter.start(RmiBootStarter.java:42)
	at java.base/jdk.internal.reflect.DirectMethodHandleAccessor.invoke(DirectMethodHandleAccessor.java:103)
	at java.base/java.lang.reflect.Method.invoke(Method.java:580)
	at org.springframework.beans.factory.annotation.InitDestroyAnnotationBeanPostProcessor$LifecycleMethod.invoke(InitDestroyAnnotationBeanPostProcessor.java:457)
	at org.springframework.beans.factory.annotation.InitDestroyAnnotationBeanPostProcessor$LifecycleMetadata.invokeInitMethods(InitDestroyAnnotationBeanPostProcessor.java:401)
	at org.springframework.beans.factory.annotation.InitDestroyAnnotationBeanPostProcessor.postProcessBeforeInitialization(InitDestroyAnnotationBeanPostProcessor.java:219)
	... 25 common frames omitted
Caused by: java.net.BindException: Address already in use: bind
	at java.base/sun.nio.ch.Net.bind0(Native Method)
	at java.base/sun.nio.ch.Net.bind(Net.java:565)
	at java.base/sun.nio.ch.Net.bind(Net.java:554)
	at java.base/sun.nio.ch.NioSocketImpl.bind(NioSocketImpl.java:636)
	at java.base/java.net.ServerSocket.bind(ServerSocket.java:391)
	at java.base/java.net.ServerSocket.<init>(ServerSocket.java:278)
	at java.base/java.net.ServerSocket.<init>(ServerSocket.java:171)
	at java.rmi/sun.rmi.transport.tcp.TCPDirectSocketFactory.createServerSocket(TCPDirectSocketFactory.java:45)
	at java.rmi/sun.rmi.transport.tcp.TCPEndpoint.newServerSocket(TCPEndpoint.java:672)
	at java.rmi/sun.rmi.transport.tcp.TCPTransport.listen(TCPTransport.java:344)
	... 37 common frames omitted
