2025-10-11 21:18:02 [main] INFO  com.mi.project.ProjectApplication - Starting ProjectApplication using Java 17.0.16 with PID 9548 (C:\Users\31591\Desktop\project\target\classes started by 31591 in C:\Users\31591\Desktop\project)
2025-10-11 21:18:02 [main] DEBUG com.mi.project.ProjectApplication - Running with Spring Boot v3.5.3, Spring v6.2.9
2025-10-11 21:18:02 [main] INFO  com.mi.project.ProjectApplication - The following 2 profiles are active: "datasource", "redis"
2025-10-11 21:18:03 [main] INFO  o.s.d.r.c.RepositoryConfigurationDelegate - Multiple Spring Data modules found, entering strict repository configuration mode
2025-10-11 21:18:03 [main] INFO  o.s.d.r.c.RepositoryConfigurationDelegate - Bootstrapping Spring Data JPA repositories in DEFAULT mode.
2025-10-11 21:18:03 [main] INFO  o.s.d.r.c.RepositoryConfigurationDelegate - Finished Spring Data repository scanning in 133 ms. Found 3 JPA repository interfaces.
2025-10-11 21:18:03 [main] INFO  o.s.d.r.c.RepositoryConfigurationDelegate - Multiple Spring Data modules found, entering strict repository configuration mode
2025-10-11 21:18:03 [main] INFO  o.s.d.r.c.RepositoryConfigurationDelegate - Bootstrapping Spring Data Redis repositories in DEFAULT mode.
2025-10-11 21:18:03 [main] INFO  o.s.d.r.c.RepositoryConfigurationExtensionSupport - Spring Data Redis - Could not safely identify store assignment for repository candidate interface com.mi.project.repository.FileRepository; If you want this repository to be a Redis repository, consider annotating your entities with one of these annotations: org.springframework.data.redis.core.RedisHash (preferred), or consider extending one of the following types with your repository: org.springframework.data.keyvalue.repository.KeyValueRepository
2025-10-11 21:18:03 [main] INFO  o.s.d.r.c.RepositoryConfigurationExtensionSupport - Spring Data Redis - Could not safely identify store assignment for repository candidate interface com.mi.project.repository.PointDataRepository; If you want this repository to be a Redis repository, consider annotating your entities with one of these annotations: org.springframework.data.redis.core.RedisHash (preferred), or consider extending one of the following types with your repository: org.springframework.data.keyvalue.repository.KeyValueRepository
2025-10-11 21:18:03 [main] INFO  o.s.d.r.c.RepositoryConfigurationExtensionSupport - Spring Data Redis - Could not safely identify store assignment for repository candidate interface com.mi.project.repository.UserRepository; If you want this repository to be a Redis repository, consider annotating your entities with one of these annotations: org.springframework.data.redis.core.RedisHash (preferred), or consider extending one of the following types with your repository: org.springframework.data.keyvalue.repository.KeyValueRepository
2025-10-11 21:18:03 [main] INFO  o.s.d.r.c.RepositoryConfigurationDelegate - Finished Spring Data repository scanning in 6 ms. Found 0 Redis repository interfaces.
2025-10-11 21:18:04 [main] INFO  o.s.b.w.e.tomcat.TomcatWebServer - Tomcat initialized with port 9090 (http)
2025-10-11 21:18:04 [main] INFO  o.a.catalina.core.StandardService - Starting service [Tomcat]
2025-10-11 21:18:04 [main] INFO  o.a.catalina.core.StandardEngine - Starting Servlet engine: [Apache Tomcat/10.1.42]
2025-10-11 21:18:04 [main] INFO  o.a.c.c.C.[Tomcat].[localhost].[/] - Initializing Spring embedded WebApplicationContext
2025-10-11 21:18:04 [main] INFO  o.s.b.w.s.c.ServletWebServerApplicationContext - Root WebApplicationContext: initialization completed in 2401 ms
2025-10-11 21:18:04 [main] DEBUG com.zaxxer.hikari.HikariConfig - Class com.mysql.cj.jdbc.Driver found in Thread context class loader jdk.internal.loader.ClassLoaders$AppClassLoader@5e481248
2025-10-11 21:18:04 [main] DEBUG com.zaxxer.hikari.HikariConfig - master - configuration:
2025-10-11 21:18:04 [main] DEBUG com.zaxxer.hikari.HikariConfig - allowPoolSuspension.............false
2025-10-11 21:18:04 [main] DEBUG com.zaxxer.hikari.HikariConfig - autoCommit......................true
2025-10-11 21:18:04 [main] DEBUG com.zaxxer.hikari.HikariConfig - catalog.........................none
2025-10-11 21:18:04 [main] DEBUG com.zaxxer.hikari.HikariConfig - connectionInitSql...............none
2025-10-11 21:18:04 [main] DEBUG com.zaxxer.hikari.HikariConfig - connectionTestQuery.............none
2025-10-11 21:18:04 [main] DEBUG com.zaxxer.hikari.HikariConfig - connectionTimeout...............30000
2025-10-11 21:18:04 [main] DEBUG com.zaxxer.hikari.HikariConfig - credentials.....................com.zaxxer.hikari.util.Credentials@323eecf8
2025-10-11 21:18:04 [main] DEBUG com.zaxxer.hikari.HikariConfig - dataSource......................none
2025-10-11 21:18:04 [main] DEBUG com.zaxxer.hikari.HikariConfig - dataSourceClassName.............none
2025-10-11 21:18:04 [main] DEBUG com.zaxxer.hikari.HikariConfig - dataSourceJNDI..................none
2025-10-11 21:18:04 [main] DEBUG com.zaxxer.hikari.HikariConfig - dataSourceProperties............{password=<masked>}
2025-10-11 21:18:04 [main] DEBUG com.zaxxer.hikari.HikariConfig - driverClassName................."com.mysql.cj.jdbc.Driver"
2025-10-11 21:18:04 [main] DEBUG com.zaxxer.hikari.HikariConfig - exceptionOverride...............none
2025-10-11 21:18:04 [main] DEBUG com.zaxxer.hikari.HikariConfig - exceptionOverrideClassName......none
2025-10-11 21:18:04 [main] DEBUG com.zaxxer.hikari.HikariConfig - healthCheckProperties...........{}
2025-10-11 21:18:04 [main] DEBUG com.zaxxer.hikari.HikariConfig - healthCheckRegistry.............none
2025-10-11 21:18:04 [main] DEBUG com.zaxxer.hikari.HikariConfig - idleTimeout.....................600000
2025-10-11 21:18:04 [main] DEBUG com.zaxxer.hikari.HikariConfig - initializationFailTimeout.......1
2025-10-11 21:18:04 [main] DEBUG com.zaxxer.hikari.HikariConfig - isolateInternalQueries..........false
2025-10-11 21:18:04 [main] DEBUG com.zaxxer.hikari.HikariConfig - jdbcUrl.........................jdbc:mysql://localhost:3306/project?useUnicode=true&characterEncoding=utf8&useSSL=false&serverTimezone=Asia/Shanghai&allowPublicKeyRetrieval=true
2025-10-11 21:18:04 [main] DEBUG com.zaxxer.hikari.HikariConfig - keepaliveTime...................120000
2025-10-11 21:18:04 [main] DEBUG com.zaxxer.hikari.HikariConfig - leakDetectionThreshold..........0
2025-10-11 21:18:04 [main] DEBUG com.zaxxer.hikari.HikariConfig - maxLifetime.....................1800000
2025-10-11 21:18:04 [main] DEBUG com.zaxxer.hikari.HikariConfig - maximumPoolSize.................20
2025-10-11 21:18:04 [main] DEBUG com.zaxxer.hikari.HikariConfig - metricRegistry..................none
2025-10-11 21:18:04 [main] DEBUG com.zaxxer.hikari.HikariConfig - metricsTrackerFactory...........none
2025-10-11 21:18:04 [main] DEBUG com.zaxxer.hikari.HikariConfig - minimumIdle.....................5
2025-10-11 21:18:04 [main] DEBUG com.zaxxer.hikari.HikariConfig - password........................<masked>
2025-10-11 21:18:04 [main] DEBUG com.zaxxer.hikari.HikariConfig - poolName........................"master"
2025-10-11 21:18:04 [main] DEBUG com.zaxxer.hikari.HikariConfig - readOnly........................false
2025-10-11 21:18:04 [main] DEBUG com.zaxxer.hikari.HikariConfig - registerMbeans..................false
2025-10-11 21:18:04 [main] DEBUG com.zaxxer.hikari.HikariConfig - scheduledExecutor...............none
2025-10-11 21:18:04 [main] DEBUG com.zaxxer.hikari.HikariConfig - schema..........................none
2025-10-11 21:18:04 [main] DEBUG com.zaxxer.hikari.HikariConfig - threadFactory...................internal
2025-10-11 21:18:04 [main] DEBUG com.zaxxer.hikari.HikariConfig - transactionIsolation............default
2025-10-11 21:18:04 [main] DEBUG com.zaxxer.hikari.HikariConfig - username........................"root"
2025-10-11 21:18:04 [main] DEBUG com.zaxxer.hikari.HikariConfig - validationTimeout...............5000
2025-10-11 21:18:04 [main] INFO  com.zaxxer.hikari.HikariDataSource - master - Starting...
2025-10-11 21:18:04 [main] DEBUG com.zaxxer.hikari.pool.PoolBase - master - Attempting to create/setup new connection (7f54b338-b8b0-4f38-96b0-c2d179cdae6b)
2025-10-11 21:18:04 [main] DEBUG com.zaxxer.hikari.pool.PoolBase - master - Established new connection (7f54b338-b8b0-4f38-96b0-c2d179cdae6b)
2025-10-11 21:18:04 [main] INFO  com.zaxxer.hikari.pool.HikariPool - master - Added connection com.mysql.cj.jdbc.ConnectionImpl@7f792530
2025-10-11 21:18:04 [main] INFO  com.zaxxer.hikari.HikariDataSource - master - Start completed.
2025-10-11 21:18:04 [main] INFO  c.b.d.d.DynamicRoutingDataSource - dynamic-datasource - add a datasource named [master] success
2025-10-11 21:18:04 [main] INFO  c.b.d.d.DynamicRoutingDataSource - dynamic-datasource initial loaded [1] datasource,primary datasource named [master]
2025-10-11 21:18:04 [master:housekeeper] DEBUG com.zaxxer.hikari.pool.HikariPool - master - Before cleanup stats (total=1/20, idle=1/5, active=0, waiting=0)
2025-10-11 21:18:04 [master:housekeeper] DEBUG com.zaxxer.hikari.pool.HikariPool - master - After  cleanup stats (total=1/20, idle=1/5, active=0, waiting=0)
2025-10-11 21:18:04 [master:connection-adder] DEBUG com.zaxxer.hikari.pool.PoolBase - master - Attempting to create/setup new connection (8bec7f07-9768-4013-addf-bfcf3ef76060)
2025-10-11 21:18:04 [master:connection-adder] DEBUG com.zaxxer.hikari.pool.PoolBase - master - Established new connection (8bec7f07-9768-4013-addf-bfcf3ef76060)
2025-10-11 21:18:04 [master:connection-adder] DEBUG com.zaxxer.hikari.pool.HikariPool - master - Added connection com.mysql.cj.jdbc.ConnectionImpl@690dcb7d
2025-10-11 21:18:05 [master:connection-adder] DEBUG com.zaxxer.hikari.pool.HikariPool - master - After adding stats (total=2/20, idle=2/5, active=0, waiting=0)
2025-10-11 21:18:05 [master:connection-adder] DEBUG com.zaxxer.hikari.pool.PoolBase - master - Attempting to create/setup new connection (23879297-edec-4974-8767-aa989c4ae8da)
2025-10-11 21:18:05 [master:connection-adder] DEBUG com.zaxxer.hikari.pool.PoolBase - master - Established new connection (23879297-edec-4974-8767-aa989c4ae8da)
2025-10-11 21:18:05 [master:connection-adder] DEBUG com.zaxxer.hikari.pool.HikariPool - master - Added connection com.mysql.cj.jdbc.ConnectionImpl@2830c146
2025-10-11 21:18:05 [master:connection-adder] DEBUG com.zaxxer.hikari.pool.HikariPool - master - After adding stats (total=3/20, idle=3/5, active=0, waiting=0)
2025-10-11 21:18:05 [master:connection-adder] DEBUG com.zaxxer.hikari.pool.PoolBase - master - Attempting to create/setup new connection (66514067-faf0-4c33-843d-e838b62c8f29)
2025-10-11 21:18:05 [master:connection-adder] DEBUG com.zaxxer.hikari.pool.PoolBase - master - Established new connection (66514067-faf0-4c33-843d-e838b62c8f29)
2025-10-11 21:18:05 [master:connection-adder] DEBUG com.zaxxer.hikari.pool.HikariPool - master - Added connection com.mysql.cj.jdbc.ConnectionImpl@1952aea3
2025-10-11 21:18:05 [master:connection-adder] DEBUG com.zaxxer.hikari.pool.HikariPool - master - After adding stats (total=4/20, idle=4/5, active=0, waiting=0)
2025-10-11 21:18:05 [master:connection-adder] DEBUG com.zaxxer.hikari.pool.PoolBase - master - Attempting to create/setup new connection (70bc884b-8af0-47b4-a9f3-d07da07c546f)
2025-10-11 21:18:05 [master:connection-adder] DEBUG com.zaxxer.hikari.pool.PoolBase - master - Established new connection (70bc884b-8af0-47b4-a9f3-d07da07c546f)
2025-10-11 21:18:05 [master:connection-adder] DEBUG com.zaxxer.hikari.pool.HikariPool - master - Added connection com.mysql.cj.jdbc.ConnectionImpl@481f3e09
2025-10-11 21:18:05 [master:connection-adder] DEBUG com.zaxxer.hikari.pool.HikariPool - master - After adding stats (total=5/20, idle=5/5, active=0, waiting=0)
2025-10-11 21:18:05 [main] INFO  o.s.o.j.p.SpringPersistenceUnitInfo - No LoadTimeWeaver setup: ignoring JPA class transformer
2025-10-11 21:18:05 [main] WARN  org.hibernate.orm.deprecation - HHH90000025: MySQL8Dialect does not need to be specified explicitly using 'hibernate.dialect' (remove the property setting and it will be selected by default)
2025-10-11 21:18:05 [main] WARN  org.hibernate.orm.deprecation - HHH90000026: MySQL8Dialect has been deprecated; use org.hibernate.dialect.MySQLDialect instead
2025-10-11 21:18:06 [main] INFO  o.s.o.j.LocalContainerEntityManagerFactoryBean - Initialized JPA EntityManagerFactory for persistence unit 'default'
2025-10-11 21:18:07 [main] INFO  c.m.p.rmi.server.RmiBootStarter - RMI注册中心启动成功，端口: 1099
2025-10-11 21:18:07 [main] INFO  c.m.p.rmi.server.RmiBootStarter - ✅ HelloService 已注册，端口: 20001
2025-10-11 21:18:07 [main] INFO  c.m.p.rmi.server.RmiBootStarter - ✅ PowerLineAnalysisService 已注册，端口: 20002
2025-10-11 21:18:07 [main] INFO  c.m.p.rmi.server.RmiBootStarter - 🎉 所有RMI服务启动完成！
2025-10-11 21:18:07 [main] INFO  c.m.p.rmi.server.RmiBootStarter - 服务列表:
2025-10-11 21:18:07 [main] INFO  c.m.p.rmi.server.RmiBootStarter -   - HelloService: rmi://192.168.181.152:1099/HelloService
2025-10-11 21:18:07 [main] INFO  c.m.p.rmi.server.RmiBootStarter -   - PowerLineAnalysisService: rmi://192.168.181.152:1099/PowerLineAnalysisService
2025-10-11 21:18:07 [main] WARN  o.s.b.a.o.j.JpaBaseConfiguration$JpaWebConfiguration - spring.jpa.open-in-view is enabled by default. Therefore, database queries may be performed during view rendering. Explicitly configure spring.jpa.open-in-view to disable this warning
2025-10-11 21:18:07 [main] INFO  c.m.p.config.LoadBalancerConfig - CORS配置已启用，支持负载均衡跨域访问
2025-10-11 21:18:07 [main] INFO  org.quartz.impl.StdSchedulerFactory - Using default implementation for ThreadExecutor
2025-10-11 21:18:07 [main] INFO  o.quartz.core.SchedulerSignalerImpl - Initialized Scheduler Signaller of type: class org.quartz.core.SchedulerSignalerImpl
2025-10-11 21:18:07 [main] INFO  org.quartz.core.QuartzScheduler - Quartz Scheduler v2.5.0 created.
2025-10-11 21:18:07 [main] INFO  org.quartz.simpl.RAMJobStore - RAMJobStore initialized.
2025-10-11 21:18:07 [main] INFO  org.quartz.core.QuartzScheduler - Scheduler meta-data: Quartz Scheduler (v2.5.0) 'quartzScheduler' with instanceId 'NON_CLUSTERED'
  Scheduler class: 'org.quartz.core.QuartzScheduler' - running locally.
  NOT STARTED.
  Currently in standby mode.
  Number of jobs executed: 0
  Using thread pool 'org.quartz.simpl.SimpleThreadPool' - with 10 threads.
  Using job-store 'org.quartz.simpl.RAMJobStore' - which does not support persistence. and is not clustered.

2025-10-11 21:18:07 [main] INFO  org.quartz.impl.StdSchedulerFactory - Quartz scheduler 'quartzScheduler' initialized from an externally provided properties instance.
2025-10-11 21:18:07 [main] INFO  org.quartz.impl.StdSchedulerFactory - Quartz scheduler version: 2.5.0
2025-10-11 21:18:07 [main] INFO  org.quartz.core.QuartzScheduler - JobFactory set to: org.springframework.scheduling.quartz.SpringBeanJobFactory@229cf4e7
2025-10-11 21:18:07 [main] INFO  o.s.b.a.e.web.EndpointLinksResolver - Exposing 3 endpoints beneath base path '/actuator'
2025-10-11 21:18:07 [main] INFO  o.s.s.c.a.a.c.InitializeUserDetailsBeanManagerConfigurer$InitializeUserDetailsManagerConfigurer - Global AuthenticationManager configured with UserDetailsService bean with name inMemoryUserDetailsManager
2025-10-11 21:18:07 [main] WARN  o.s.s.c.a.w.c.AuthorizeHttpRequestsConfigurer$AuthorizationManagerRequestMatcherRegistry - One of the patterns in [OPTIONS, /**] is missing a leading slash. This is discouraged; please include the leading slash in all your request matcher patterns. In future versions of Spring Security, leaving out the leading slash will result in an exception.
2025-10-11 21:18:08 [main] INFO  c.b.m.e.s.MybatisPlusApplicationContextAware - Register ApplicationContext instances org.springframework.boot.web.servlet.context.AnnotationConfigServletWebServerApplicationContext@2416a51
2025-10-11 21:18:08 [main] INFO  o.s.d.j.r.query.QueryEnhancerFactory - JSqlParser is in classpath; If applicable, JSqlParser will be used.
2025-10-11 21:18:08 [main] INFO  o.s.d.j.r.query.QueryEnhancerFactory - Hibernate is in classpath; If applicable, HQL parser will be used.
2025-10-11 21:18:08 [main] INFO  o.s.b.w.e.tomcat.TomcatWebServer - Tomcat started on port 9090 (http) with context path '/'
2025-10-11 21:18:08 [main] INFO  o.s.a.r.c.CachingConnectionFactory - Attempting to connect to: [localhost:5672]
2025-10-11 21:18:08 [main] INFO  o.s.a.r.c.CachingConnectionFactory - Created new connection: rabbitConnectionFactory#72584c3f:0/SimpleConnection@245a8568 [delegate=amqp://guest@127.0.0.1:5672/, localPort=56627]
2025-10-11 21:18:09 [main] INFO  o.s.s.quartz.SchedulerFactoryBean - Starting Quartz Scheduler now
2025-10-11 21:18:09 [main] INFO  org.quartz.core.QuartzScheduler - Scheduler quartzScheduler_$_NON_CLUSTERED started.
2025-10-11 21:18:09 [main] DEBUG o.s.d.r.l.RedisMessageListenerContainer - Starting RedisMessageListenerContainer...
2025-10-11 21:18:09 [main] DEBUG o.s.d.r.l.RedisMessageListenerContainer - Postpone listening for Redis messages until actual listeners are added
2025-10-11 21:18:09 [main] INFO  com.mi.project.ProjectApplication - Started ProjectApplication in 7.292 seconds (process running for 7.741)
2025-10-11 21:18:34 [master:housekeeper] DEBUG com.zaxxer.hikari.pool.HikariPool - master - Before cleanup stats (total=5/20, idle=5/5, active=0, waiting=0)
2025-10-11 21:18:34 [master:housekeeper] DEBUG com.zaxxer.hikari.pool.HikariPool - master - After  cleanup stats (total=5/20, idle=5/5, active=0, waiting=0)
2025-10-11 21:18:34 [master:housekeeper] DEBUG com.zaxxer.hikari.pool.HikariPool - master - Fill pool skipped, pool has sufficient level or currently being filled.
2025-10-11 21:19:04 [master:housekeeper] DEBUG com.zaxxer.hikari.pool.HikariPool - master - Before cleanup stats (total=5/20, idle=5/5, active=0, waiting=0)
2025-10-11 21:19:04 [master:housekeeper] DEBUG com.zaxxer.hikari.pool.HikariPool - master - After  cleanup stats (total=5/20, idle=5/5, active=0, waiting=0)
2025-10-11 21:19:04 [master:housekeeper] DEBUG com.zaxxer.hikari.pool.HikariPool - master - Fill pool skipped, pool has sufficient level or currently being filled.
2025-10-11 21:19:35 [master:housekeeper] DEBUG com.zaxxer.hikari.pool.HikariPool - master - Before cleanup stats (total=5/20, idle=5/5, active=0, waiting=0)
2025-10-11 21:19:35 [master:housekeeper] DEBUG com.zaxxer.hikari.pool.HikariPool - master - After  cleanup stats (total=5/20, idle=5/5, active=0, waiting=0)
2025-10-11 21:19:35 [master:housekeeper] DEBUG com.zaxxer.hikari.pool.HikariPool - master - Fill pool skipped, pool has sufficient level or currently being filled.
2025-10-11 21:19:42 [master:housekeeper] DEBUG com.zaxxer.hikari.pool.HikariPool - master - keepalive: connection com.mysql.cj.jdbc.ConnectionImpl@481f3e09 is alive
2025-10-11 21:19:48 [master:housekeeper] DEBUG com.zaxxer.hikari.pool.HikariPool - master - keepalive: connection com.mysql.cj.jdbc.ConnectionImpl@690dcb7d is alive
2025-10-11 21:19:50 [master:housekeeper] DEBUG com.zaxxer.hikari.pool.HikariPool - master - keepalive: connection com.mysql.cj.jdbc.ConnectionImpl@1952aea3 is alive
2025-10-11 21:19:58 [master:housekeeper] DEBUG com.zaxxer.hikari.pool.HikariPool - master - keepalive: connection com.mysql.cj.jdbc.ConnectionImpl@7f792530 is alive
2025-10-11 21:20:04 [master:housekeeper] DEBUG com.zaxxer.hikari.pool.HikariPool - master - keepalive: connection com.mysql.cj.jdbc.ConnectionImpl@2830c146 is alive
2025-10-11 21:20:05 [master:housekeeper] DEBUG com.zaxxer.hikari.pool.HikariPool - master - Before cleanup stats (total=5/20, idle=5/5, active=0, waiting=0)
2025-10-11 21:20:05 [master:housekeeper] DEBUG com.zaxxer.hikari.pool.HikariPool - master - After  cleanup stats (total=5/20, idle=5/5, active=0, waiting=0)
2025-10-11 21:20:05 [master:housekeeper] DEBUG com.zaxxer.hikari.pool.HikariPool - master - Fill pool skipped, pool has sufficient level or currently being filled.
2025-10-11 21:20:35 [master:housekeeper] DEBUG com.zaxxer.hikari.pool.HikariPool - master - Before cleanup stats (total=5/20, idle=5/5, active=0, waiting=0)
2025-10-11 21:20:35 [master:housekeeper] DEBUG com.zaxxer.hikari.pool.HikariPool - master - After  cleanup stats (total=5/20, idle=5/5, active=0, waiting=0)
2025-10-11 21:20:35 [master:housekeeper] DEBUG com.zaxxer.hikari.pool.HikariPool - master - Fill pool skipped, pool has sufficient level or currently being filled.
2025-10-11 21:21:05 [master:housekeeper] DEBUG com.zaxxer.hikari.pool.HikariPool - master - Before cleanup stats (total=5/20, idle=5/5, active=0, waiting=0)
2025-10-11 21:21:05 [master:housekeeper] DEBUG com.zaxxer.hikari.pool.HikariPool - master - After  cleanup stats (total=5/20, idle=5/5, active=0, waiting=0)
2025-10-11 21:21:05 [master:housekeeper] DEBUG com.zaxxer.hikari.pool.HikariPool - master - Fill pool skipped, pool has sufficient level or currently being filled.
2025-10-11 21:21:18 [master:housekeeper] DEBUG com.zaxxer.hikari.pool.HikariPool - master - keepalive: connection com.mysql.cj.jdbc.ConnectionImpl@481f3e09 is alive
2025-10-11 21:21:32 [master:housekeeper] DEBUG com.zaxxer.hikari.pool.HikariPool - master - keepalive: connection com.mysql.cj.jdbc.ConnectionImpl@690dcb7d is alive
2025-10-11 21:21:35 [master:housekeeper] DEBUG com.zaxxer.hikari.pool.HikariPool - master - Before cleanup stats (total=5/20, idle=5/5, active=0, waiting=0)
2025-10-11 21:21:35 [master:housekeeper] DEBUG com.zaxxer.hikari.pool.HikariPool - master - After  cleanup stats (total=5/20, idle=5/5, active=0, waiting=0)
2025-10-11 21:21:35 [master:housekeeper] DEBUG com.zaxxer.hikari.pool.HikariPool - master - Fill pool skipped, pool has sufficient level or currently being filled.
2025-10-11 21:21:35 [master:housekeeper] DEBUG com.zaxxer.hikari.pool.HikariPool - master - keepalive: connection com.mysql.cj.jdbc.ConnectionImpl@1952aea3 is alive
2025-10-11 21:21:51 [master:housekeeper] DEBUG com.zaxxer.hikari.pool.HikariPool - master - keepalive: connection com.mysql.cj.jdbc.ConnectionImpl@7f792530 is alive
2025-10-11 21:22:02 [master:housekeeper] DEBUG com.zaxxer.hikari.pool.HikariPool - master - keepalive: connection com.mysql.cj.jdbc.ConnectionImpl@2830c146 is alive
2025-10-11 21:22:05 [master:housekeeper] DEBUG com.zaxxer.hikari.pool.HikariPool - master - Before cleanup stats (total=5/20, idle=5/5, active=0, waiting=0)
2025-10-11 21:22:05 [master:housekeeper] DEBUG com.zaxxer.hikari.pool.HikariPool - master - After  cleanup stats (total=5/20, idle=5/5, active=0, waiting=0)
2025-10-11 21:22:05 [master:housekeeper] DEBUG com.zaxxer.hikari.pool.HikariPool - master - Fill pool skipped, pool has sufficient level or currently being filled.
2025-10-11 21:22:35 [master:housekeeper] DEBUG com.zaxxer.hikari.pool.HikariPool - master - Before cleanup stats (total=5/20, idle=5/5, active=0, waiting=0)
2025-10-11 21:22:35 [master:housekeeper] DEBUG com.zaxxer.hikari.pool.HikariPool - master - After  cleanup stats (total=5/20, idle=5/5, active=0, waiting=0)
2025-10-11 21:22:35 [master:housekeeper] DEBUG com.zaxxer.hikari.pool.HikariPool - master - Fill pool skipped, pool has sufficient level or currently being filled.
2025-10-11 21:22:55 [master:housekeeper] DEBUG com.zaxxer.hikari.pool.HikariPool - master - keepalive: connection com.mysql.cj.jdbc.ConnectionImpl@481f3e09 is alive
2025-10-11 21:23:05 [master:housekeeper] DEBUG com.zaxxer.hikari.pool.HikariPool - master - Before cleanup stats (total=5/20, idle=5/5, active=0, waiting=0)
2025-10-11 21:23:05 [master:housekeeper] DEBUG com.zaxxer.hikari.pool.HikariPool - master - After  cleanup stats (total=5/20, idle=5/5, active=0, waiting=0)
2025-10-11 21:23:05 [master:housekeeper] DEBUG com.zaxxer.hikari.pool.HikariPool - master - Fill pool skipped, pool has sufficient level or currently being filled.
2025-10-11 21:23:16 [master:housekeeper] DEBUG com.zaxxer.hikari.pool.HikariPool - master - keepalive: connection com.mysql.cj.jdbc.ConnectionImpl@690dcb7d is alive
2025-10-11 21:23:21 [master:housekeeper] DEBUG com.zaxxer.hikari.pool.HikariPool - master - keepalive: connection com.mysql.cj.jdbc.ConnectionImpl@1952aea3 is alive
2025-10-11 21:23:35 [master:housekeeper] DEBUG com.zaxxer.hikari.pool.HikariPool - master - Before cleanup stats (total=5/20, idle=5/5, active=0, waiting=0)
2025-10-11 21:23:35 [master:housekeeper] DEBUG com.zaxxer.hikari.pool.HikariPool - master - After  cleanup stats (total=5/20, idle=5/5, active=0, waiting=0)
2025-10-11 21:23:35 [master:housekeeper] DEBUG com.zaxxer.hikari.pool.HikariPool - master - Fill pool skipped, pool has sufficient level or currently being filled.
2025-10-11 21:23:44 [master:housekeeper] DEBUG com.zaxxer.hikari.pool.HikariPool - master - keepalive: connection com.mysql.cj.jdbc.ConnectionImpl@7f792530 is alive
2025-10-11 21:24:01 [master:housekeeper] DEBUG com.zaxxer.hikari.pool.HikariPool - master - keepalive: connection com.mysql.cj.jdbc.ConnectionImpl@2830c146 is alive
2025-10-11 21:24:05 [master:housekeeper] DEBUG com.zaxxer.hikari.pool.HikariPool - master - Before cleanup stats (total=5/20, idle=5/5, active=0, waiting=0)
2025-10-11 21:24:05 [master:housekeeper] DEBUG com.zaxxer.hikari.pool.HikariPool - master - After  cleanup stats (total=5/20, idle=5/5, active=0, waiting=0)
2025-10-11 21:24:05 [master:housekeeper] DEBUG com.zaxxer.hikari.pool.HikariPool - master - Fill pool skipped, pool has sufficient level or currently being filled.
2025-10-11 21:24:32 [master:housekeeper] DEBUG com.zaxxer.hikari.pool.HikariPool - master - keepalive: connection com.mysql.cj.jdbc.ConnectionImpl@481f3e09 is alive
2025-10-11 21:24:35 [master:housekeeper] DEBUG com.zaxxer.hikari.pool.HikariPool - master - Before cleanup stats (total=5/20, idle=5/5, active=0, waiting=0)
2025-10-11 21:24:35 [master:housekeeper] DEBUG com.zaxxer.hikari.pool.HikariPool - master - After  cleanup stats (total=5/20, idle=5/5, active=0, waiting=0)
2025-10-11 21:24:35 [master:housekeeper] DEBUG com.zaxxer.hikari.pool.HikariPool - master - Fill pool skipped, pool has sufficient level or currently being filled.
2025-10-11 21:25:00 [master:housekeeper] DEBUG com.zaxxer.hikari.pool.HikariPool - master - keepalive: connection com.mysql.cj.jdbc.ConnectionImpl@690dcb7d is alive
2025-10-11 21:25:05 [master:housekeeper] DEBUG com.zaxxer.hikari.pool.HikariPool - master - Before cleanup stats (total=5/20, idle=5/5, active=0, waiting=0)
2025-10-11 21:25:05 [master:housekeeper] DEBUG com.zaxxer.hikari.pool.HikariPool - master - After  cleanup stats (total=5/20, idle=5/5, active=0, waiting=0)
2025-10-11 21:25:05 [master:housekeeper] DEBUG com.zaxxer.hikari.pool.HikariPool - master - Fill pool skipped, pool has sufficient level or currently being filled.
2025-10-11 21:25:06 [master:housekeeper] DEBUG com.zaxxer.hikari.pool.HikariPool - master - keepalive: connection com.mysql.cj.jdbc.ConnectionImpl@1952aea3 is alive
2025-10-11 21:25:35 [master:housekeeper] DEBUG com.zaxxer.hikari.pool.HikariPool - master - Before cleanup stats (total=5/20, idle=5/5, active=0, waiting=0)
2025-10-11 21:25:35 [master:housekeeper] DEBUG com.zaxxer.hikari.pool.HikariPool - master - After  cleanup stats (total=5/20, idle=5/5, active=0, waiting=0)
2025-10-11 21:25:35 [master:housekeeper] DEBUG com.zaxxer.hikari.pool.HikariPool - master - Fill pool skipped, pool has sufficient level or currently being filled.
2025-10-11 21:25:37 [master:housekeeper] DEBUG com.zaxxer.hikari.pool.HikariPool - master - keepalive: connection com.mysql.cj.jdbc.ConnectionImpl@7f792530 is alive
2025-10-11 21:26:00 [master:housekeeper] DEBUG com.zaxxer.hikari.pool.HikariPool - master - keepalive: connection com.mysql.cj.jdbc.ConnectionImpl@2830c146 is alive
2025-10-11 21:26:05 [master:housekeeper] DEBUG com.zaxxer.hikari.pool.HikariPool - master - Before cleanup stats (total=5/20, idle=5/5, active=0, waiting=0)
2025-10-11 21:26:05 [master:housekeeper] DEBUG com.zaxxer.hikari.pool.HikariPool - master - After  cleanup stats (total=5/20, idle=5/5, active=0, waiting=0)
2025-10-11 21:26:05 [master:housekeeper] DEBUG com.zaxxer.hikari.pool.HikariPool - master - Fill pool skipped, pool has sufficient level or currently being filled.
2025-10-11 21:26:09 [master:housekeeper] DEBUG com.zaxxer.hikari.pool.HikariPool - master - keepalive: connection com.mysql.cj.jdbc.ConnectionImpl@481f3e09 is alive
2025-10-11 21:26:35 [master:housekeeper] DEBUG com.zaxxer.hikari.pool.HikariPool - master - Before cleanup stats (total=5/20, idle=5/5, active=0, waiting=0)
2025-10-11 21:26:35 [master:housekeeper] DEBUG com.zaxxer.hikari.pool.HikariPool - master - After  cleanup stats (total=5/20, idle=5/5, active=0, waiting=0)
2025-10-11 21:26:35 [master:housekeeper] DEBUG com.zaxxer.hikari.pool.HikariPool - master - Fill pool skipped, pool has sufficient level or currently being filled.
2025-10-11 21:26:43 [master:housekeeper] DEBUG com.zaxxer.hikari.pool.HikariPool - master - keepalive: connection com.mysql.cj.jdbc.ConnectionImpl@690dcb7d is alive
2025-10-11 21:26:52 [master:housekeeper] DEBUG com.zaxxer.hikari.pool.HikariPool - master - keepalive: connection com.mysql.cj.jdbc.ConnectionImpl@1952aea3 is alive
2025-10-11 21:27:05 [master:housekeeper] DEBUG com.zaxxer.hikari.pool.HikariPool - master - Before cleanup stats (total=5/20, idle=5/5, active=0, waiting=0)
2025-10-11 21:27:05 [master:housekeeper] DEBUG com.zaxxer.hikari.pool.HikariPool - master - After  cleanup stats (total=5/20, idle=5/5, active=0, waiting=0)
2025-10-11 21:27:05 [master:housekeeper] DEBUG com.zaxxer.hikari.pool.HikariPool - master - Fill pool skipped, pool has sufficient level or currently being filled.
2025-10-11 21:27:30 [master:housekeeper] DEBUG com.zaxxer.hikari.pool.HikariPool - master - keepalive: connection com.mysql.cj.jdbc.ConnectionImpl@7f792530 is alive
2025-10-11 21:27:35 [master:housekeeper] DEBUG com.zaxxer.hikari.pool.HikariPool - master - Before cleanup stats (total=5/20, idle=5/5, active=0, waiting=0)
2025-10-11 21:27:35 [master:housekeeper] DEBUG com.zaxxer.hikari.pool.HikariPool - master - After  cleanup stats (total=5/20, idle=5/5, active=0, waiting=0)
2025-10-11 21:27:35 [master:housekeeper] DEBUG com.zaxxer.hikari.pool.HikariPool - master - Fill pool skipped, pool has sufficient level or currently being filled.
2025-10-11 21:27:46 [master:housekeeper] DEBUG com.zaxxer.hikari.pool.HikariPool - master - keepalive: connection com.mysql.cj.jdbc.ConnectionImpl@481f3e09 is alive
2025-10-11 21:27:59 [master:housekeeper] DEBUG com.zaxxer.hikari.pool.HikariPool - master - keepalive: connection com.mysql.cj.jdbc.ConnectionImpl@2830c146 is alive
2025-10-11 21:28:05 [master:housekeeper] DEBUG com.zaxxer.hikari.pool.HikariPool - master - Before cleanup stats (total=5/20, idle=5/5, active=0, waiting=0)
2025-10-11 21:28:05 [master:housekeeper] DEBUG com.zaxxer.hikari.pool.HikariPool - master - After  cleanup stats (total=5/20, idle=5/5, active=0, waiting=0)
2025-10-11 21:28:05 [master:housekeeper] DEBUG com.zaxxer.hikari.pool.HikariPool - master - Fill pool skipped, pool has sufficient level or currently being filled.
2025-10-11 21:28:27 [master:housekeeper] DEBUG com.zaxxer.hikari.pool.HikariPool - master - keepalive: connection com.mysql.cj.jdbc.ConnectionImpl@690dcb7d is alive
2025-10-11 21:28:35 [master:housekeeper] DEBUG com.zaxxer.hikari.pool.HikariPool - master - Before cleanup stats (total=5/20, idle=5/5, active=0, waiting=0)
2025-10-11 21:28:35 [master:housekeeper] DEBUG com.zaxxer.hikari.pool.HikariPool - master - After  cleanup stats (total=5/20, idle=5/5, active=0, waiting=0)
2025-10-11 21:28:35 [master:housekeeper] DEBUG com.zaxxer.hikari.pool.HikariPool - master - Fill pool skipped, pool has sufficient level or currently being filled.
2025-10-11 21:28:37 [master:housekeeper] DEBUG com.zaxxer.hikari.pool.HikariPool - master - keepalive: connection com.mysql.cj.jdbc.ConnectionImpl@1952aea3 is alive
2025-10-11 21:29:05 [master:housekeeper] DEBUG com.zaxxer.hikari.pool.HikariPool - master - Before cleanup stats (total=5/20, idle=5/5, active=0, waiting=0)
2025-10-11 21:29:05 [master:housekeeper] DEBUG com.zaxxer.hikari.pool.HikariPool - master - After  cleanup stats (total=5/20, idle=5/5, active=0, waiting=0)
2025-10-11 21:29:05 [master:housekeeper] DEBUG com.zaxxer.hikari.pool.HikariPool - master - Fill pool skipped, pool has sufficient level or currently being filled.
2025-10-11 21:29:23 [master:housekeeper] DEBUG com.zaxxer.hikari.pool.HikariPool - master - keepalive: connection com.mysql.cj.jdbc.ConnectionImpl@7f792530 is alive
2025-10-11 21:29:23 [master:housekeeper] DEBUG com.zaxxer.hikari.pool.HikariPool - master - keepalive: connection com.mysql.cj.jdbc.ConnectionImpl@481f3e09 is alive
2025-10-11 21:29:35 [master:housekeeper] DEBUG com.zaxxer.hikari.pool.HikariPool - master - Before cleanup stats (total=5/20, idle=5/5, active=0, waiting=0)
2025-10-11 21:29:35 [master:housekeeper] DEBUG com.zaxxer.hikari.pool.HikariPool - master - After  cleanup stats (total=5/20, idle=5/5, active=0, waiting=0)
2025-10-11 21:29:35 [master:housekeeper] DEBUG com.zaxxer.hikari.pool.HikariPool - master - Fill pool skipped, pool has sufficient level or currently being filled.
2025-10-11 21:29:58 [master:housekeeper] DEBUG com.zaxxer.hikari.pool.HikariPool - master - keepalive: connection com.mysql.cj.jdbc.ConnectionImpl@2830c146 is alive
2025-10-11 21:30:05 [master:housekeeper] DEBUG com.zaxxer.hikari.pool.HikariPool - master - Before cleanup stats (total=5/20, idle=5/5, active=0, waiting=0)
2025-10-11 21:30:05 [master:housekeeper] DEBUG com.zaxxer.hikari.pool.HikariPool - master - After  cleanup stats (total=5/20, idle=5/5, active=0, waiting=0)
2025-10-11 21:30:05 [master:housekeeper] DEBUG com.zaxxer.hikari.pool.HikariPool - master - Fill pool skipped, pool has sufficient level or currently being filled.
2025-10-11 21:30:11 [master:housekeeper] DEBUG com.zaxxer.hikari.pool.HikariPool - master - keepalive: connection com.mysql.cj.jdbc.ConnectionImpl@690dcb7d is alive
2025-10-11 21:30:23 [master:housekeeper] DEBUG com.zaxxer.hikari.pool.HikariPool - master - keepalive: connection com.mysql.cj.jdbc.ConnectionImpl@1952aea3 is alive
2025-10-11 21:30:35 [master:housekeeper] DEBUG com.zaxxer.hikari.pool.HikariPool - master - Before cleanup stats (total=5/20, idle=5/5, active=0, waiting=0)
2025-10-11 21:30:35 [master:housekeeper] DEBUG com.zaxxer.hikari.pool.HikariPool - master - After  cleanup stats (total=5/20, idle=5/5, active=0, waiting=0)
2025-10-11 21:30:35 [master:housekeeper] DEBUG com.zaxxer.hikari.pool.HikariPool - master - Fill pool skipped, pool has sufficient level or currently being filled.
2025-10-11 21:31:00 [master:housekeeper] DEBUG com.zaxxer.hikari.pool.HikariPool - master - keepalive: connection com.mysql.cj.jdbc.ConnectionImpl@481f3e09 is alive
2025-10-11 21:31:05 [master:housekeeper] DEBUG com.zaxxer.hikari.pool.HikariPool - master - Before cleanup stats (total=5/20, idle=5/5, active=0, waiting=0)
2025-10-11 21:31:05 [master:housekeeper] DEBUG com.zaxxer.hikari.pool.HikariPool - master - After  cleanup stats (total=5/20, idle=5/5, active=0, waiting=0)
2025-10-11 21:31:05 [master:housekeeper] DEBUG com.zaxxer.hikari.pool.HikariPool - master - Fill pool skipped, pool has sufficient level or currently being filled.
2025-10-11 21:31:16 [master:housekeeper] DEBUG com.zaxxer.hikari.pool.HikariPool - master - keepalive: connection com.mysql.cj.jdbc.ConnectionImpl@7f792530 is alive
2025-10-11 21:31:35 [master:housekeeper] DEBUG com.zaxxer.hikari.pool.HikariPool - master - Before cleanup stats (total=5/20, idle=5/5, active=0, waiting=0)
2025-10-11 21:31:35 [master:housekeeper] DEBUG com.zaxxer.hikari.pool.HikariPool - master - After  cleanup stats (total=5/20, idle=5/5, active=0, waiting=0)
2025-10-11 21:31:35 [master:housekeeper] DEBUG com.zaxxer.hikari.pool.HikariPool - master - Fill pool skipped, pool has sufficient level or currently being filled.
2025-10-11 21:31:55 [master:housekeeper] DEBUG com.zaxxer.hikari.pool.HikariPool - master - keepalive: connection com.mysql.cj.jdbc.ConnectionImpl@690dcb7d is alive
2025-10-11 21:31:57 [master:housekeeper] DEBUG com.zaxxer.hikari.pool.HikariPool - master - keepalive: connection com.mysql.cj.jdbc.ConnectionImpl@2830c146 is alive
2025-10-11 21:32:05 [master:housekeeper] DEBUG com.zaxxer.hikari.pool.HikariPool - master - Before cleanup stats (total=5/20, idle=5/5, active=0, waiting=0)
2025-10-11 21:32:05 [master:housekeeper] DEBUG com.zaxxer.hikari.pool.HikariPool - master - After  cleanup stats (total=5/20, idle=5/5, active=0, waiting=0)
2025-10-11 21:32:05 [master:housekeeper] DEBUG com.zaxxer.hikari.pool.HikariPool - master - Fill pool skipped, pool has sufficient level or currently being filled.
2025-10-11 21:32:08 [master:housekeeper] DEBUG com.zaxxer.hikari.pool.HikariPool - master - keepalive: connection com.mysql.cj.jdbc.ConnectionImpl@1952aea3 is alive
2025-10-11 21:32:35 [master:housekeeper] DEBUG com.zaxxer.hikari.pool.HikariPool - master - Before cleanup stats (total=5/20, idle=5/5, active=0, waiting=0)
2025-10-11 21:32:35 [master:housekeeper] DEBUG com.zaxxer.hikari.pool.HikariPool - master - After  cleanup stats (total=5/20, idle=5/5, active=0, waiting=0)
2025-10-11 21:32:35 [master:housekeeper] DEBUG com.zaxxer.hikari.pool.HikariPool - master - Fill pool skipped, pool has sufficient level or currently being filled.
2025-10-11 21:32:37 [master:housekeeper] DEBUG com.zaxxer.hikari.pool.HikariPool - master - keepalive: connection com.mysql.cj.jdbc.ConnectionImpl@481f3e09 is alive
2025-10-11 21:33:05 [master:housekeeper] DEBUG com.zaxxer.hikari.pool.HikariPool - master - Before cleanup stats (total=5/20, idle=5/5, active=0, waiting=0)
2025-10-11 21:33:05 [master:housekeeper] DEBUG com.zaxxer.hikari.pool.HikariPool - master - After  cleanup stats (total=5/20, idle=5/5, active=0, waiting=0)
2025-10-11 21:33:05 [master:housekeeper] DEBUG com.zaxxer.hikari.pool.HikariPool - master - Fill pool skipped, pool has sufficient level or currently being filled.
2025-10-11 21:33:09 [master:housekeeper] DEBUG com.zaxxer.hikari.pool.HikariPool - master - keepalive: connection com.mysql.cj.jdbc.ConnectionImpl@7f792530 is alive
2025-10-11 21:33:35 [master:housekeeper] DEBUG com.zaxxer.hikari.pool.HikariPool - master - Before cleanup stats (total=5/20, idle=5/5, active=0, waiting=0)
2025-10-11 21:33:35 [master:housekeeper] DEBUG com.zaxxer.hikari.pool.HikariPool - master - After  cleanup stats (total=5/20, idle=5/5, active=0, waiting=0)
2025-10-11 21:33:35 [master:housekeeper] DEBUG com.zaxxer.hikari.pool.HikariPool - master - Fill pool skipped, pool has sufficient level or currently being filled.
2025-10-11 21:33:39 [master:housekeeper] DEBUG com.zaxxer.hikari.pool.HikariPool - master - keepalive: connection com.mysql.cj.jdbc.ConnectionImpl@690dcb7d is alive
2025-10-11 21:33:53 [master:housekeeper] DEBUG com.zaxxer.hikari.pool.HikariPool - master - keepalive: connection com.mysql.cj.jdbc.ConnectionImpl@1952aea3 is alive
2025-10-11 21:33:56 [master:housekeeper] DEBUG com.zaxxer.hikari.pool.HikariPool - master - keepalive: connection com.mysql.cj.jdbc.ConnectionImpl@2830c146 is alive
2025-10-11 21:34:05 [master:housekeeper] DEBUG com.zaxxer.hikari.pool.HikariPool - master - Before cleanup stats (total=5/20, idle=5/5, active=0, waiting=0)
2025-10-11 21:34:05 [master:housekeeper] DEBUG com.zaxxer.hikari.pool.HikariPool - master - After  cleanup stats (total=5/20, idle=5/5, active=0, waiting=0)
2025-10-11 21:34:05 [master:housekeeper] DEBUG com.zaxxer.hikari.pool.HikariPool - master - Fill pool skipped, pool has sufficient level or currently being filled.
2025-10-11 21:34:07 [org.springframework.amqp.rabbit.RabbitListenerEndpointContainer#0-2] INFO  o.s.a.r.l.SimpleMessageListenerContainer - Waiting for workers to finish.
2025-10-11 21:34:07 [org.springframework.amqp.rabbit.RabbitListenerEndpointContainer#1-2] INFO  o.s.a.r.l.SimpleMessageListenerContainer - Waiting for workers to finish.
2025-10-11 21:34:07 [org.springframework.amqp.rabbit.RabbitListenerEndpointContainer#2-2] INFO  o.s.a.r.l.SimpleMessageListenerContainer - Waiting for workers to finish.
2025-10-11 21:34:07 [org.springframework.amqp.rabbit.RabbitListenerEndpointContainer#3-2] INFO  o.s.a.r.l.SimpleMessageListenerContainer - Waiting for workers to finish.
2025-10-11 21:34:07 [org.springframework.amqp.rabbit.RabbitListenerEndpointContainer#4-2] INFO  o.s.a.r.l.SimpleMessageListenerContainer - Waiting for workers to finish.
2025-10-11 21:34:07 [SpringApplicationShutdownHook] INFO  org.quartz.core.QuartzScheduler - Scheduler quartzScheduler_$_NON_CLUSTERED paused.
2025-10-11 21:34:07 [org.springframework.amqp.rabbit.RabbitListenerEndpointContainer#5-2] INFO  o.s.a.r.l.SimpleMessageListenerContainer - Waiting for workers to finish.
2025-10-11 21:34:07 [SpringApplicationShutdownHook] DEBUG o.s.d.r.l.RedisMessageListenerContainer - Stopped RedisMessageListenerContainer
2025-10-11 21:34:07 [org.springframework.amqp.rabbit.RabbitListenerEndpointContainer#1-2] INFO  o.s.a.r.l.SimpleMessageListenerContainer - Successfully waited for workers to finish.
2025-10-11 21:34:07 [org.springframework.amqp.rabbit.RabbitListenerEndpointContainer#2-2] INFO  o.s.a.r.l.SimpleMessageListenerContainer - Successfully waited for workers to finish.
2025-10-11 21:34:07 [org.springframework.amqp.rabbit.RabbitListenerEndpointContainer#5-2] INFO  o.s.a.r.l.SimpleMessageListenerContainer - Successfully waited for workers to finish.
2025-10-11 21:34:07 [org.springframework.amqp.rabbit.RabbitListenerEndpointContainer#4-2] INFO  o.s.a.r.l.SimpleMessageListenerContainer - Successfully waited for workers to finish.
2025-10-11 21:34:07 [org.springframework.amqp.rabbit.RabbitListenerEndpointContainer#0-2] INFO  o.s.a.r.l.SimpleMessageListenerContainer - Successfully waited for workers to finish.
2025-10-11 21:34:07 [org.springframework.amqp.rabbit.RabbitListenerEndpointContainer#3-2] INFO  o.s.a.r.l.SimpleMessageListenerContainer - Successfully waited for workers to finish.
2025-10-11 21:34:07 [SpringApplicationShutdownHook] INFO  o.s.b.w.e.tomcat.GracefulShutdown - Commencing graceful shutdown. Waiting for active requests to complete
2025-10-11 21:34:07 [tomcat-shutdown] INFO  o.s.b.w.e.tomcat.GracefulShutdown - Graceful shutdown complete
2025-10-11 21:34:07 [SpringApplicationShutdownHook] INFO  o.s.s.quartz.SchedulerFactoryBean - Shutting down Quartz Scheduler
2025-10-11 21:34:07 [SpringApplicationShutdownHook] INFO  org.quartz.core.QuartzScheduler - Scheduler quartzScheduler_$_NON_CLUSTERED shutting down.
2025-10-11 21:34:07 [SpringApplicationShutdownHook] INFO  org.quartz.core.QuartzScheduler - Scheduler quartzScheduler_$_NON_CLUSTERED paused.
2025-10-11 21:34:07 [SpringApplicationShutdownHook] INFO  org.quartz.core.QuartzScheduler - Scheduler quartzScheduler_$_NON_CLUSTERED shutdown complete.
2025-10-11 21:34:07 [SpringApplicationShutdownHook] INFO  o.s.o.j.LocalContainerEntityManagerFactoryBean - Closing JPA EntityManagerFactory for persistence unit 'default'
2025-10-11 21:34:07 [SpringApplicationShutdownHook] INFO  c.b.d.d.DynamicRoutingDataSource - dynamic-datasource start closing ....
2025-10-11 21:34:07 [SpringApplicationShutdownHook] INFO  com.zaxxer.hikari.HikariDataSource - master - Shutdown initiated...
2025-10-11 21:34:07 [SpringApplicationShutdownHook] DEBUG com.zaxxer.hikari.pool.HikariPool - master - Before shutdown stats (total=5/20, idle=5/5, active=0, waiting=0)
2025-10-11 21:34:07 [master:connection-closer] DEBUG com.zaxxer.hikari.pool.PoolBase - master - Closing connection com.mysql.cj.jdbc.ConnectionImpl@7f792530: (connection evicted)
2025-10-11 21:34:07 [master:connection-closer] DEBUG com.zaxxer.hikari.pool.PoolBase - master - Closing connection com.mysql.cj.jdbc.ConnectionImpl@690dcb7d: (connection evicted)
2025-10-11 21:34:07 [master:connection-closer] DEBUG com.zaxxer.hikari.pool.PoolBase - master - Closing connection com.mysql.cj.jdbc.ConnectionImpl@2830c146: (connection evicted)
2025-10-11 21:34:07 [master:connection-closer] DEBUG com.zaxxer.hikari.pool.PoolBase - master - Closing connection com.mysql.cj.jdbc.ConnectionImpl@1952aea3: (connection evicted)
2025-10-11 21:34:07 [master:connection-closer] DEBUG com.zaxxer.hikari.pool.PoolBase - master - Closing connection com.mysql.cj.jdbc.ConnectionImpl@481f3e09: (connection evicted)
2025-10-11 21:34:07 [SpringApplicationShutdownHook] DEBUG com.zaxxer.hikari.pool.HikariPool - master - After  shutdown stats (total=0/20, idle=0/5, active=0, waiting=0)
2025-10-11 21:34:07 [SpringApplicationShutdownHook] INFO  com.zaxxer.hikari.HikariDataSource - master - Shutdown completed.
2025-10-11 21:34:07 [SpringApplicationShutdownHook] INFO  c.b.d.d.d.DefaultDataSourceDestroyer - dynamic-datasource close the datasource named [master] success,
2025-10-11 21:34:07 [SpringApplicationShutdownHook] INFO  c.b.d.d.DynamicRoutingDataSource - dynamic-datasource all closed success,bye
